0 info it worked if it ends with ok
1 verbose cli [ '/usr/local/Cellar/node/7.1.0/bin/node',
1 verbose cli   '/usr/local/lib/node_modules/npm/bin/npm-cli.js',
1 verbose cli   'run',
1 verbose cli   'build' ]
2 info using npm@3.10.9
3 info using node@v7.1.0
4 verbose run-script [ 'prebuild', 'build', 'postbuild' ]
5 info lifecycle vonic-template@1.0.0~prebuild: vonic-template@1.0.0
6 silly lifecycle vonic-template@1.0.0~prebuild: no script for prebuild, continuing
7 info lifecycle vonic-template@1.0.0~build: vonic-template@1.0.0
8 verbose lifecycle vonic-template@1.0.0~build: unsafe-perm in lifecycle true
9 verbose lifecycle vonic-template@1.0.0~build: PATH: /usr/local/lib/node_modules/npm/bin/node-gyp-bin:/Users/bugzhang/Desktop/cool-class/node_modules/.bin:/usr/local/Cellar/node/7.1.0/bin:/usr/local/bin:/usr/bin:/bin:/usr/sbin:/sbin
10 verbose lifecycle vonic-template@1.0.0~build: CWD: /Users/bugzhang/Desktop/cool-class
11 silly lifecycle vonic-template@1.0.0~build: Args: [ '-c',
11 silly lifecycle   'cross-env NODE_ENV=production webpack --progress --hide-modules' ]
12 info lifecycle vonic-template@1.0.0~build: Failed to exec build script
13 verbose stack Error: vonic-template@1.0.0 build: `cross-env NODE_ENV=production webpack --progress --hide-modules`
13 verbose stack spawn ENOENT
13 verbose stack     at ChildProcess.<anonymous> (/usr/local/lib/node_modules/npm/lib/utils/spawn.js:33:16)
13 verbose stack     at emitTwo (events.js:106:13)
13 verbose stack     at ChildProcess.emit (events.js:191:7)
13 verbose stack     at maybeClose (internal/child_process.js:885:16)
13 verbose stack     at Process.ChildProcess._handle.onexit (internal/child_process.js:226:5)
14 verbose pkgid vonic-template@1.0.0
15 verbose cwd /Users/bugzhang/Desktop/cool-class
16 error Darwin 16.3.0
17 error argv "/usr/local/Cellar/node/7.1.0/bin/node" "/usr/local/lib/node_modules/npm/bin/npm-cli.js" "run" "build"
18 error node v7.1.0
19 error npm  v3.10.9
20 error file sh
21 error code ELIFECYCLE
22 error errno ENOENT
23 error syscall spawn
24 error vonic-template@1.0.0 build: `cross-env NODE_ENV=production webpack --progress --hide-modules`
24 error spawn ENOENT
25 error Failed at the vonic-template@1.0.0 build script 'cross-env NODE_ENV=production webpack --progress --hide-modules'.
25 error Make sure you have the latest version of node.js and npm installed.
25 error If you do, this is most likely a problem with the vonic-template package,
25 error not with npm itself.
25 error Tell the author that this fails on your system:
25 error     cross-env NODE_ENV=production webpack --progress --hide-modules
25 error You can get information on how to open an issue for this project with:
25 error     npm bugs vonic-template
25 error Or if that isn't available, you can get their info via:
25 error     npm owner ls vonic-template
25 error There is likely additional logging output above.
26 verbose exit [ 1, true ]
